# JRE version: OpenJDK Runtime Environment Temurin-11.0.17+8 (11.0.17+8) (build 11.0.17+8)
# Java VM: OpenJDK 64-Bit Server VM Temurin-11.0.17+8 (11.0.17+8, mixed mode, tiered, compressed oops, g1 gc, windows-amd64)
Heap:
 garbage-first heap   total 256000K, used 229229K [0x0000000080000000, 0x0000000100000000)
  region size 1024K, 11 young (11264K), 2 survivors (2048K)
 Metaspace       used 118707K, capacity 123292K, committed 123344K, reserved 622592K
  class space    used 15449K, capacity 17245K, committed 17280K, reserved 516096K
GC Heap History (20 events):
Event: 685.727 GC heap before
{Heap before GC invocations=222 (full 0):
 garbage-first heap   total 256000K, used 223429K [0x0000000080000000, 0x0000000100000000)
  region size 1024K, 18 young (18432K), 3 survivors (3072K)
 Metaspace       used 117580K, capacity 121999K, committed 122192K, reserved 622592K
  class space    used 15318K, capacity 17070K, committed 17152K, reserved 516096K
}
Event: 685.748 GC heap after
{Heap after GC invocations=223 (full 0):
 garbage-first heap   total 256000K, used 209481K [0x0000000080000000, 0x0000000100000000)
  region size 1024K, 3 young (3072K), 3 survivors (3072K)
 Metaspace       used 117580K, capacity 121999K, committed 122192K, reserved 622592K
  class space    used 15318K, capacity 17070K, committed 17152K, reserved 516096K
}
Event: 692.305 GC heap before
{Heap before GC invocations=223 (full 0):
 garbage-first heap   total 256000K, used 223817K [0x0000000080000000, 0x0000000100000000)
  region size 1024K, 17 young (17408K), 3 survivors (3072K)
 Metaspace       used 117823K, capacity 122257K, committed 122448K, reserved 622592K
  class space    used 15343K, capacity 17129K, committed 17152K, reserved 516096K
}
Event: 692.337 GC heap after
{Heap after GC invocations=224 (full 0):
 garbage-first heap   total 256000K, used 211915K [0x0000000080000000, 0x0000000100000000)
  region size 1024K, 3 young (3072K), 3 survivors (3072K)
 Metaspace       used 117823K, capacity 122257K, committed 122448K, reserved 622592K
  class space    used 15343K, capacity 17129K, committed 17152K, reserved 516096K
}
Event: 697.494 GC heap before
{Heap before GC invocations=224 (full 0):
 garbage-first heap   total 256000K, used 224203K [0x0000000080000000, 0x0000000100000000)
  region size 1024K, 16 young (16384K), 3 survivors (3072K)
 Metaspace       used 118163K, capacity 122738K, committed 122832K, reserved 622592K
  class space    used 15388K, capacity 17199K, committed 17280K, reserved 516096K
}
Event: 697.552 GC heap after
{Heap after GC invocations=225 (full 0):
 garbage-first heap   total 256000K, used 213844K [0x0000000080000000, 0x0000000100000000)
  region size 1024K, 2 young (2048K), 2 survivors (2048K)
 Metaspace       used 118163K, capacity 122738K, committed 122832K, reserved 622592K
  class space    used 15388K, capacity 17199K, committed 17280K, reserved 516096K
}
Event: 698.744 GC heap before
{Heap before GC invocations=225 (full 0):
 garbage-first heap   total 256000K, used 224084K [0x0000000080000000, 0x0000000100000000)
  region size 1024K, 13 young (13312K), 2 survivors (2048K)
 Metaspace       used 118246K, capacity 122747K, committed 122832K, reserved 622592K
  class space    used 15388K, capacity 17199K, committed 17280K, reserved 516096K
}
Event: 698.752 GC heap after
{Heap after GC invocations=226 (full 0):
 garbage-first heap   total 256000K, used 214475K [0x0000000080000000, 0x0000000100000000)
  region size 1024K, 1 young (1024K), 1 survivors (1024K)
 Metaspace       used 118246K, capacity 122747K, committed 122832K, reserved 622592K
  class space    used 15388K, capacity 17199K, committed 17280K, reserved 516096K
}
Event: 700.401 GC heap before
{Heap before GC invocations=226 (full 0):
 garbage-first heap   total 256000K, used 224715K [0x0000000080000000, 0x0000000100000000)
  region size 1024K, 12 young (12288K), 1 survivors (1024K)
 Metaspace       used 118351K, capacity 122826K, committed 123088K, reserved 622592K
  class space    used 15390K, capacity 17201K, committed 17280K, reserved 516096K
}
Event: 700.425 GC heap after
{Heap after GC invocations=227 (full 0):
 garbage-first heap   total 256000K, used 214998K [0x0000000080000000, 0x0000000100000000)
  region size 1024K, 2 young (2048K), 2 survivors (2048K)
 Metaspace       used 118351K, capacity 122826K, committed 123088K, reserved 622592K
  class space    used 15390K, capacity 17201K, committed 17280K, reserved 516096K
}
Event: 712.100 GC heap before
{Heap before GC invocations=227 (full 0):
 garbage-first heap   total 256000K, used 225238K [0x0000000080000000, 0x0000000100000000)
  region size 1024K, 12 young (12288K), 2 survivors (2048K)
 Metaspace       used 118580K, capacity 123193K, committed 123344K, reserved 622592K
  class space    used 15434K, capacity 17235K, committed 17280K, reserved 516096K
}
Event: 712.120 GC heap after
{Heap after GC invocations=228 (full 0):
 garbage-first heap   total 256000K, used 215731K [0x0000000080000000, 0x0000000100000000)
  region size 1024K, 2 young (2048K), 2 survivors (2048K)
 Metaspace       used 118580K, capacity 123193K, committed 123344K, reserved 622592K
  class space    used 15434K, capacity 17235K, committed 17280K, reserved 516096K
}
Event: 716.521 GC heap before
{Heap before GC invocations=228 (full 0):
 garbage-first heap   total 256000K, used 225971K [0x0000000080000000, 0x0000000100000000)
  region size 1024K, 12 young (12288K), 2 survivors (2048K)
 Metaspace       used 118692K, capacity 123284K, committed 123344K, reserved 622592K
  class space    used 15447K, capacity 17244K, committed 17280K, reserved 516096K
}
Event: 716.618 GC heap after
{Heap after GC invocations=229 (full 0):
 garbage-first heap   total 256000K, used 216592K [0x0000000080000000, 0x0000000100000000)
  region size 1024K, 2 young (2048K), 2 survivors (2048K)
 Metaspace       used 118692K, capacity 123284K, committed 123344K, reserved 622592K
  class space    used 15447K, capacity 17244K, committed 17280K, reserved 516096K
}
Event: 719.521 GC heap before
{Heap before GC invocations=229 (full 0):
 garbage-first heap   total 256000K, used 226832K [0x0000000080000000, 0x0000000100000000)
  region size 1024K, 12 young (12288K), 2 survivors (2048K)
 Metaspace       used 118700K, capacity 123289K, committed 123344K, reserved 622592K
  class space    used 15447K, capacity 17244K, committed 17280K, reserved 516096K
}
Event: 719.565 GC heap after
{Heap after GC invocations=230 (full 0):
 garbage-first heap   total 256000K, used 217699K [0x0000000080000000, 0x0000000100000000)
  region size 1024K, 2 young (2048K), 2 survivors (2048K)
 Metaspace       used 118700K, capacity 123289K, committed 123344K, reserved 622592K
  class space    used 15447K, capacity 17244K, committed 17280K, reserved 516096K
}
Event: 722.069 GC heap before
{Heap before GC invocations=230 (full 0):
 garbage-first heap   total 256000K, used 227939K [0x0000000080000000, 0x0000000100000000)
  region size 1024K, 12 young (12288K), 2 survivors (2048K)
 Metaspace       used 118700K, capacity 123289K, committed 123344K, reserved 622592K
  class space    used 15447K, capacity 17244K, committed 17280K, reserved 516096K
}
Event: 722.151 GC heap after
{Heap after GC invocations=231 (full 0):
 garbage-first heap   total 256000K, used 219623K [0x0000000080000000, 0x0000000100000000)
  region size 1024K, 2 young (2048K), 2 survivors (2048K)
 Metaspace       used 118700K, capacity 123289K, committed 123344K, reserved 622592K
  class space    used 15447K, capacity 17244K, committed 17280K, reserved 516096K
}
Event: 730.835 GC heap before
{Heap before GC invocations=231 (full 0):
 garbage-first heap   total 256000K, used 229863K [0x0000000080000000, 0x0000000100000000)
  region size 1024K, 12 young (12288K), 2 survivors (2048K)
 Metaspace       used 118707K, capacity 123292K, committed 123344K, reserved 622592K
  class space    used 15449K, capacity 17245K, committed 17280K, reserved 516096K
}
Event: 730.852 GC heap after
{Heap after GC invocations=232 (full 0):
 garbage-first heap   total 256000K, used 221037K [0x0000000080000000, 0x0000000100000000)
  region size 1024K, 2 young (2048K), 2 survivors (2048K)
 Metaspace       used 118707K, capacity 123292K, committed 123344K, reserved 622592K
  class space    used 15449K, capacity 17245K, committed 17280K, reserved 516096K
}

