# JRE version: OpenJDK Runtime Environment Temurin-11.0.17+8 (11.0.17+8) (build 11.0.17+8)
# Java VM: OpenJDK 64-Bit Server VM Temurin-11.0.17+8 (11.0.17+8, mixed mode, tiered, compressed oops, g1 gc, windows-amd64)
Heap:
 garbage-first heap   total 307200K, used 230945K [0x0000000080000000, 0x0000000100000000)
  region size 1024K, 19 young (19456K), 3 survivors (3072K)
 Metaspace       used 118695K, capacity 123253K, committed 123344K, reserved 622592K
  class space    used 15454K, capacity 17276K, committed 17280K, reserved 516096K
GC Heap History (20 events):
Event: 651.528 GC heap before
{Heap before GC invocations=253 (full 0):
 garbage-first heap   total 231424K, used 217688K [0x0000000080000000, 0x0000000100000000)
  region size 1024K, 11 young (11264K), 2 survivors (2048K)
 Metaspace       used 117168K, capacity 121582K, committed 121808K, reserved 622592K
  class space    used 15270K, capacity 17002K, committed 17024K, reserved 516096K
}
Event: 651.573 GC heap after
{Heap after GC invocations=254 (full 0):
 garbage-first heap   total 231424K, used 206533K [0x0000000080000000, 0x0000000100000000)
  region size 1024K, 2 young (2048K), 2 survivors (2048K)
 Metaspace       used 117168K, capacity 121582K, committed 121808K, reserved 622592K
  class space    used 15270K, capacity 17002K, committed 17024K, reserved 516096K
}
Event: 652.382 GC heap before
{Heap before GC invocations=254 (full 0):
 garbage-first heap   total 231424K, used 215749K [0x0000000080000000, 0x0000000100000000)
  region size 1024K, 11 young (11264K), 2 survivors (2048K)
 Metaspace       used 117541K, capacity 121987K, committed 122192K, reserved 622592K
  class space    used 15323K, capacity 17069K, committed 17152K, reserved 516096K
}
Event: 652.397 GC heap after
{Heap after GC invocations=255 (full 0):
 garbage-first heap   total 231424K, used 207488K [0x0000000080000000, 0x0000000100000000)
  region size 1024K, 2 young (2048K), 2 survivors (2048K)
 Metaspace       used 117541K, capacity 121987K, committed 122192K, reserved 622592K
  class space    used 15323K, capacity 17069K, committed 17152K, reserved 516096K
}
Event: 654.072 GC heap before
{Heap before GC invocations=255 (full 0):
 garbage-first heap   total 231424K, used 216704K [0x0000000080000000, 0x0000000100000000)
  region size 1024K, 11 young (11264K), 2 survivors (2048K)
 Metaspace       used 117661K, capacity 122112K, committed 122192K, reserved 622592K
  class space    used 15336K, capacity 17108K, committed 17152K, reserved 516096K
}
Event: 654.087 GC heap after
{Heap after GC invocations=256 (full 0):
 garbage-first heap   total 231424K, used 209210K [0x0000000080000000, 0x0000000100000000)
  region size 1024K, 2 young (2048K), 2 survivors (2048K)
 Metaspace       used 117661K, capacity 122112K, committed 122192K, reserved 622592K
  class space    used 15336K, capacity 17108K, committed 17152K, reserved 516096K
}
Event: 659.415 GC heap before
{Heap before GC invocations=256 (full 0):
 garbage-first heap   total 231424K, used 218426K [0x0000000080000000, 0x0000000100000000)
  region size 1024K, 11 young (11264K), 2 survivors (2048K)
 Metaspace       used 117915K, capacity 122402K, committed 122448K, reserved 622592K
  class space    used 15362K, capacity 17134K, committed 17152K, reserved 516096K
}
Event: 659.481 GC heap after
{Heap after GC invocations=257 (full 0):
 garbage-first heap   total 231424K, used 210661K [0x0000000080000000, 0x0000000100000000)
  region size 1024K, 2 young (2048K), 2 survivors (2048K)
 Metaspace       used 117915K, capacity 122402K, committed 122448K, reserved 622592K
  class space    used 15362K, capacity 17134K, committed 17152K, reserved 516096K
}
Event: 669.249 GC heap before
{Heap before GC invocations=257 (full 0):
 garbage-first heap   total 231424K, used 218853K [0x0000000080000000, 0x0000000100000000)
  region size 1024K, 11 young (11264K), 2 survivors (2048K)
 Metaspace       used 118125K, capacity 122661K, committed 122832K, reserved 622592K
  class space    used 15393K, capacity 17198K, committed 17280K, reserved 516096K
}
Event: 669.327 GC heap after
{Heap after GC invocations=258 (full 0):
 garbage-first heap   total 231424K, used 211812K [0x0000000080000000, 0x0000000100000000)
  region size 1024K, 2 young (2048K), 2 survivors (2048K)
 Metaspace       used 118125K, capacity 122661K, committed 122832K, reserved 622592K
  class space    used 15393K, capacity 17198K, committed 17280K, reserved 516096K
}
Event: 672.836 GC heap before
{Heap before GC invocations=259 (full 0):
 garbage-first heap   total 231424K, used 220004K [0x0000000080000000, 0x0000000100000000)
  region size 1024K, 11 young (11264K), 2 survivors (2048K)
 Metaspace       used 118195K, capacity 122734K, committed 122832K, reserved 622592K
  class space    used 15393K, capacity 17198K, committed 17280K, reserved 516096K
}
Event: 672.856 GC heap after
{Heap after GC invocations=260 (full 0):
 garbage-first heap   total 231424K, used 212264K [0x0000000080000000, 0x0000000100000000)
  region size 1024K, 1 young (1024K), 1 survivors (1024K)
 Metaspace       used 118195K, capacity 122734K, committed 122832K, reserved 622592K
  class space    used 15393K, capacity 17198K, committed 17280K, reserved 516096K
}
Event: 675.130 GC heap before
{Heap before GC invocations=260 (full 0):
 garbage-first heap   total 231424K, used 221480K [0x0000000080000000, 0x0000000100000000)
  region size 1024K, 11 young (11264K), 1 survivors (1024K)
 Metaspace       used 118299K, capacity 122803K, committed 123088K, reserved 622592K
  class space    used 15393K, capacity 17198K, committed 17280K, reserved 516096K
}
Event: 675.512 GC heap after
{Heap after GC invocations=261 (full 0):
 garbage-first heap   total 231424K, used 210614K [0x0000000080000000, 0x0000000100000000)
  region size 1024K, 1 young (1024K), 1 survivors (1024K)
 Metaspace       used 118299K, capacity 122803K, committed 123088K, reserved 622592K
  class space    used 15393K, capacity 17198K, committed 17280K, reserved 516096K
}
Event: 683.713 GC heap before
{Heap before GC invocations=261 (full 0):
 garbage-first heap   total 231424K, used 219829K [0x0000000080000000, 0x0000000100000000)
  region size 1024K, 11 young (11264K), 1 survivors (1024K)
 Metaspace       used 118348K, capacity 122884K, committed 123088K, reserved 622592K
  class space    used 15395K, capacity 17200K, committed 17280K, reserved 516096K
}
Event: 683.777 GC heap after
{Heap after GC invocations=262 (full 0):
 garbage-first heap   total 307200K, used 211135K [0x0000000080000000, 0x0000000100000000)
  region size 1024K, 2 young (2048K), 2 survivors (2048K)
 Metaspace       used 118348K, capacity 122884K, committed 123088K, reserved 622592K
  class space    used 15395K, capacity 17200K, committed 17280K, reserved 516096K
}
Event: 708.446 GC heap before
{Heap before GC invocations=262 (full 0):
 garbage-first heap   total 307200K, used 232639K [0x0000000080000000, 0x0000000100000000)
  region size 1024K, 24 young (24576K), 2 survivors (2048K)
 Metaspace       used 118692K, capacity 123253K, committed 123344K, reserved 622592K
  class space    used 15454K, capacity 17276K, committed 17280K, reserved 516096K
}
Event: 708.589 GC heap after
{Heap after GC invocations=263 (full 0):
 garbage-first heap   total 307200K, used 212580K [0x0000000080000000, 0x0000000100000000)
  region size 1024K, 3 young (3072K), 3 survivors (3072K)
 Metaspace       used 118692K, capacity 123253K, committed 123344K, reserved 622592K
  class space    used 15454K, capacity 17276K, committed 17280K, reserved 516096K
}
Event: 720.518 GC heap before
{Heap before GC invocations=263 (full 0):
 garbage-first heap   total 307200K, used 233060K [0x0000000080000000, 0x0000000100000000)
  region size 1024K, 23 young (23552K), 3 survivors (3072K)
 Metaspace       used 118693K, capacity 123253K, committed 123344K, reserved 622592K
  class space    used 15454K, capacity 17276K, committed 17280K, reserved 516096K
}
Event: 720.566 GC heap after
{Heap after GC invocations=264 (full 0):
 garbage-first heap   total 307200K, used 215585K [0x0000000080000000, 0x0000000100000000)
  region size 1024K, 3 young (3072K), 3 survivors (3072K)
 Metaspace       used 118693K, capacity 123253K, committed 123344K, reserved 622592K
  class space    used 15454K, capacity 17276K, committed 17280K, reserved 516096K
}

