# JRE version: OpenJDK Runtime Environment Temurin-11.0.17+8 (11.0.17+8) (build 11.0.17+8)
# Java VM: OpenJDK 64-Bit Server VM Temurin-11.0.17+8 (11.0.17+8, mixed mode, tiered, compressed oops, g1 gc, windows-amd64)
Heap:
 garbage-first heap   total 231424K, used 212337K [0x0000000080000000, 0x0000000100000000)
  region size 1024K, 3 young (3072K), 2 survivors (2048K)
 Metaspace       used 118670K, capacity 123318K, committed 123344K, reserved 622592K
  class space    used 15450K, capacity 17276K, committed 17280K, reserved 516096K
GC Heap History (20 events):
Event: 716.840 GC heap before
{Heap before GC invocations=253 (full 0):
 garbage-first heap   total 231424K, used 213877K [0x0000000080000000, 0x0000000100000000)
  region size 1024K, 11 young (11264K), 2 survivors (2048K)
 Metaspace       used 117382K, capacity 121756K, committed 121936K, reserved 622592K
  class space    used 15301K, capacity 17035K, committed 17152K, reserved 516096K
}
Event: 716.946 GC heap after
{Heap after GC invocations=254 (full 0):
 garbage-first heap   total 231424K, used 205192K [0x0000000080000000, 0x0000000100000000)
  region size 1024K, 1 young (1024K), 1 survivors (1024K)
 Metaspace       used 117382K, capacity 121756K, committed 121936K, reserved 622592K
  class space    used 15301K, capacity 17035K, committed 17152K, reserved 516096K
}
Event: 727.306 GC heap before
{Heap before GC invocations=254 (full 0):
 garbage-first heap   total 231424K, used 215432K [0x0000000080000000, 0x0000000100000000)
  region size 1024K, 11 young (11264K), 1 survivors (1024K)
 Metaspace       used 117601K, capacity 122019K, committed 122192K, reserved 622592K
  class space    used 15329K, capacity 17076K, committed 17152K, reserved 516096K
}
Event: 727.424 GC heap after
{Heap after GC invocations=255 (full 0):
 garbage-first heap   total 231424K, used 207174K [0x0000000080000000, 0x0000000100000000)
  region size 1024K, 2 young (2048K), 2 survivors (2048K)
 Metaspace       used 117601K, capacity 122019K, committed 122192K, reserved 622592K
  class space    used 15329K, capacity 17076K, committed 17152K, reserved 516096K
}
Event: 731.994 GC heap before
{Heap before GC invocations=256 (full 0):
 garbage-first heap   total 231424K, used 216390K [0x0000000080000000, 0x0000000100000000)
  region size 1024K, 11 young (11264K), 2 survivors (2048K)
 Metaspace       used 117698K, capacity 122103K, committed 122192K, reserved 622592K
  class space    used 15335K, capacity 17080K, committed 17152K, reserved 516096K
}
Event: 732.021 GC heap after
{Heap after GC invocations=257 (full 0):
 garbage-first heap   total 231424K, used 208710K [0x0000000080000000, 0x0000000100000000)
  region size 1024K, 2 young (2048K), 2 survivors (2048K)
 Metaspace       used 117698K, capacity 122103K, committed 122192K, reserved 622592K
  class space    used 15335K, capacity 17080K, committed 17152K, reserved 516096K
}
Event: 736.798 GC heap before
{Heap before GC invocations=257 (full 0):
 garbage-first heap   total 231424K, used 216902K [0x0000000080000000, 0x0000000100000000)
  region size 1024K, 11 young (11264K), 2 survivors (2048K)
 Metaspace       used 118078K, capacity 122665K, committed 122832K, reserved 622592K
  class space    used 15388K, capacity 17197K, committed 17280K, reserved 516096K
}
Event: 736.857 GC heap after
{Heap after GC invocations=258 (full 0):
 garbage-first heap   total 231424K, used 209788K [0x0000000080000000, 0x0000000100000000)
  region size 1024K, 2 young (2048K), 2 survivors (2048K)
 Metaspace       used 118078K, capacity 122665K, committed 122832K, reserved 622592K
  class space    used 15388K, capacity 17197K, committed 17280K, reserved 516096K
}
Event: 737.816 GC heap before
{Heap before GC invocations=258 (full 0):
 garbage-first heap   total 231424K, used 217980K [0x0000000080000000, 0x0000000100000000)
  region size 1024K, 11 young (11264K), 2 survivors (2048K)
 Metaspace       used 118169K, capacity 122739K, committed 122832K, reserved 622592K
  class space    used 15390K, capacity 17199K, committed 17280K, reserved 516096K
}
Event: 737.894 GC heap after
{Heap after GC invocations=259 (full 0):
 garbage-first heap   total 231424K, used 210692K [0x0000000080000000, 0x0000000100000000)
  region size 1024K, 1 young (1024K), 1 survivors (1024K)
 Metaspace       used 118169K, capacity 122739K, committed 122832K, reserved 622592K
  class space    used 15390K, capacity 17199K, committed 17280K, reserved 516096K
}
Event: 738.582 GC heap before
{Heap before GC invocations=259 (full 0):
 garbage-first heap   total 231424K, used 219908K [0x0000000080000000, 0x0000000100000000)
  region size 1024K, 11 young (11264K), 1 survivors (1024K)
 Metaspace       used 118241K, capacity 122812K, committed 123088K, reserved 622592K
  class space    used 15390K, capacity 17199K, committed 17280K, reserved 516096K
}
Event: 738.593 GC heap after
{Heap after GC invocations=260 (full 0):
 garbage-first heap   total 231424K, used 211063K [0x0000000080000000, 0x0000000100000000)
  region size 1024K, 2 young (2048K), 2 survivors (2048K)
 Metaspace       used 118241K, capacity 122812K, committed 123088K, reserved 622592K
  class space    used 15390K, capacity 17199K, committed 17280K, reserved 516096K
}
Event: 740.592 GC heap before
{Heap before GC invocations=260 (full 0):
 garbage-first heap   total 231424K, used 219255K [0x0000000080000000, 0x0000000100000000)
  region size 1024K, 11 young (11264K), 2 survivors (2048K)
 Metaspace       used 118305K, capacity 122823K, committed 123088K, reserved 622592K
  class space    used 15392K, capacity 17201K, committed 17280K, reserved 516096K
}
Event: 740.630 GC heap after
{Heap after GC invocations=261 (full 0):
 garbage-first heap   total 231424K, used 211580K [0x0000000080000000, 0x0000000100000000)
  region size 1024K, 1 young (1024K), 1 survivors (1024K)
 Metaspace       used 118305K, capacity 122823K, committed 123088K, reserved 622592K
  class space    used 15392K, capacity 17201K, committed 17280K, reserved 516096K
}
Event: 750.390 GC heap before
{Heap before GC invocations=262 (full 0):
 garbage-first heap   total 231424K, used 220796K [0x0000000080000000, 0x0000000100000000)
  region size 1024K, 11 young (11264K), 1 survivors (1024K)
 Metaspace       used 118542K, capacity 123126K, committed 123344K, reserved 622592K
  class space    used 15437K, capacity 17235K, committed 17280K, reserved 516096K
}
Event: 750.586 GC heap after
{Heap after GC invocations=263 (full 0):
 garbage-first heap   total 231424K, used 212290K [0x0000000080000000, 0x0000000100000000)
  region size 1024K, 2 young (2048K), 2 survivors (2048K)
 Metaspace       used 118542K, capacity 123126K, committed 123344K, reserved 622592K
  class space    used 15437K, capacity 17235K, committed 17280K, reserved 516096K
}
Event: 754.370 GC heap before
{Heap before GC invocations=263 (full 0):
 garbage-first heap   total 231424K, used 221506K [0x0000000080000000, 0x0000000100000000)
  region size 1024K, 11 young (11264K), 2 survivors (2048K)
 Metaspace       used 118633K, capacity 123250K, committed 123344K, reserved 622592K
  class space    used 15450K, capacity 17276K, committed 17280K, reserved 516096K
}
Event: 754.514 GC heap after
{Heap after GC invocations=264 (full 0):
 garbage-first heap   total 231424K, used 211034K [0x0000000080000000, 0x0000000100000000)
  region size 1024K, 2 young (2048K), 2 survivors (2048K)
 Metaspace       used 118633K, capacity 123250K, committed 123344K, reserved 622592K
  class space    used 15450K, capacity 17276K, committed 17280K, reserved 516096K
}
Event: 755.466 GC heap before
{Heap before GC invocations=264 (full 0):
 garbage-first heap   total 231424K, used 220250K [0x0000000080000000, 0x0000000100000000)
  region size 1024K, 11 young (11264K), 2 survivors (2048K)
 Metaspace       used 118670K, capacity 123318K, committed 123344K, reserved 622592K
  class space    used 15450K, capacity 17276K, committed 17280K, reserved 516096K
}
Event: 755.637 GC heap after
{Heap after GC invocations=265 (full 0):
 garbage-first heap   total 231424K, used 212337K [0x0000000080000000, 0x0000000100000000)
  region size 1024K, 2 young (2048K), 2 survivors (2048K)
 Metaspace       used 118670K, capacity 123318K, committed 123344K, reserved 622592K
  class space    used 15450K, capacity 17276K, committed 17280K, reserved 516096K
}

